<?xml version="1.0" encoding="UTF-8"?>
<testng-results skipped="0" failed="0" total="1" passed="1">
  <reporter-output>
  </reporter-output>
  <suite name="Default suite" duration-ms="3502" started-at="2019-06-14T15:17:53Z" finished-at="2019-06-14T15:17:57Z">
    <groups>
    </groups>
    <test name="Default test" duration-ms="3502" started-at="2019-06-14T15:17:53Z" finished-at="2019-06-14T15:17:57Z">
      <class name="com.qa.test.GetAPITest">
        <test-method status="PASS" signature="setup()[pri:0, instance:com.qa.test.GetAPITest@458ad742]" name="setup" is-config="true" duration-ms="15" started-at="2019-06-14T10:17:53Z" finished-at="2019-06-14T10:17:53Z">
          <reporter-output>
          </reporter-output>
        </test-method> <!-- setup -->
        <test-method status="PASS" signature="getTest()[pri:0, instance:com.qa.test.GetAPITest@458ad742]" name="getTest" duration-ms="3445" started-at="2019-06-14T10:17:53Z" finished-at="2019-06-14T10:17:57Z">
          <reporter-output>
          </reporter-output>
        </test-method> <!-- getTest -->
      </class> <!-- com.qa.test.GetAPITest -->
    </test> <!-- Default test -->
  </suite> <!-- Default suite -->
</testng-results>
